2025-10-19 13:27:32,364 - INFO - Current Directory: C:\Users\HP\Desktop\Production AI\RAG
2025-10-19 13:27:32,365 - INFO - Data Directory: C:\Users\HP\Desktop\Production AI\RAG\data
2025-10-19 13:29:27,069 - INFO - Current Directory: C:\Users\HP\Desktop\Production AI\RAG
2025-10-19 13:29:27,069 - INFO - Data Directory: C:\Users\HP\Desktop\Production AI\RAG\data
2025-10-19 13:30:23,442 - INFO - Current Directory: C:\Users\HP\Desktop\Production AI\RAG
2025-10-19 13:30:23,442 - INFO - Data Directory: C:\Users\HP\Desktop\Production AI\RAG\data
2025-10-19 13:30:38,577 - INFO - Current Directory: C:\Users\HP\Desktop\Production AI\RAG
2025-10-19 13:30:38,584 - INFO - Data Directory: C:\Users\HP\Desktop\Production AI\RAG\data
2025-10-19 13:57:50,642 - INFO - Current Directory: C:\Users\HP\Desktop\Production AI\RAG
2025-10-19 13:57:50,643 - INFO - Data Directory: C:\Users\HP\Desktop\Production AI\RAG\data
2025-10-19 13:57:50,643 - INFO - Loaded all files from data directory.
2025-10-19 14:59:16,993 - INFO - Current Directory: C:\Users\HP\Desktop\Production AI\RAG
2025-10-19 14:59:16,995 - INFO - Data Directory: C:\Users\HP\Desktop\Production AI\RAG\data
2025-10-19 15:05:41,296 - INFO - Current Directory: C:\Users\HP\Desktop\Production AI\RAG
2025-10-19 15:05:41,296 - INFO - Data Directory: C:\Users\HP\Desktop\Production AI\RAG\data
2025-10-19 15:07:20,883 - INFO - Current Directory: C:\Users\HP\Desktop\Production AI\RAG
2025-10-19 15:07:20,883 - INFO - Data Directory: C:\Users\HP\Desktop\Production AI\RAG\data
2025-10-19 15:07:38,533 - INFO - Loaded all files from data directory.
2025-10-19 15:10:22,512 - INFO - Current Directory: C:\Users\HP\Desktop\Production AI\RAG
2025-10-19 15:10:22,512 - INFO - Data Directory: C:\Users\HP\Desktop\Production AI\RAG\data
2025-10-19 15:10:41,490 - INFO - Loaded all files from data directory.
2025-10-19 15:12:57,158 - INFO - Current Directory: C:\Users\HP\Desktop\Production AI\RAG
2025-10-19 15:12:57,158 - INFO - Data Directory: C:\Users\HP\Desktop\Production AI\RAG\data
2025-10-19 15:13:20,562 - INFO - Loaded all files from data directory.
2025-10-19 15:13:20,562 - INFO - Created 1 chunks from all files.
2025-10-19 15:16:26,059 - INFO - Current Directory: C:\Users\HP\Desktop\Production AI\RAG
2025-10-19 15:16:26,060 - INFO - Data Directory: C:\Users\HP\Desktop\Production AI\RAG\data
2025-10-19 15:17:09,026 - INFO - Current Directory: C:\Users\HP\Desktop\Production AI\RAG
2025-10-19 15:17:09,026 - INFO - Data Directory: C:\Users\HP\Desktop\Production AI\RAG\data
2025-10-19 15:17:28,985 - INFO - Loaded all files from data directory.
2025-10-19 15:17:28,985 - INFO - Created 1 chunks from all files.
2025-10-19 15:21:23,973 - INFO - Current Directory: C:\Users\HP\Desktop\Production AI\RAG
2025-10-19 15:21:23,973 - INFO - Data Directory: C:\Users\HP\Desktop\Production AI\RAG\data
2025-10-19 15:21:44,914 - INFO - Processed PDF: 2403.14608v7.pdf
2025-10-19 15:21:44,914 - INFO - Processed web content
2025-10-19 15:21:44,917 - INFO - Created 179 chunks from all content
2025-10-19 15:21:44,917 - INFO - Loaded all files from data directory.
2025-10-19 15:21:44,917 - INFO - Created 179 chunks from all files.
2025-10-19 15:23:46,789 - INFO - Current Directory: C:\Users\HP\Desktop\Production AI\RAG
2025-10-19 15:23:46,789 - INFO - Data Directory: C:\Users\HP\Desktop\Production AI\RAG\data
2025-10-19 15:25:13,203 - INFO - Current Directory: C:\Users\HP\Desktop\Production AI\RAG
2025-10-19 15:25:13,203 - INFO - Data Directory: C:\Users\HP\Desktop\Production AI\RAG\data
2025-10-19 15:26:08,926 - INFO - Current Directory: C:\Users\HP\Desktop\Production AI\RAG
2025-10-19 15:26:08,928 - INFO - Data Directory: C:\Users\HP\Desktop\Production AI\RAG\data
2025-10-19 15:26:28,197 - INFO - Processed PDF: 2403.14608v7.pdf
2025-10-19 15:26:28,201 - INFO - Processed web content
2025-10-19 15:26:28,212 - INFO - Created 179 chunks from all content
2025-10-19 15:26:28,212 - INFO - Loaded all files from data directory.
2025-10-19 15:26:28,212 - INFO - Created 179 chunks from all files.
2025-10-19 15:27:21,686 - INFO - Current Directory: C:\Users\HP\Desktop\Production AI\RAG
2025-10-19 15:27:21,693 - INFO - Data Directory: C:\Users\HP\Desktop\Production AI\RAG\data
2025-10-19 15:30:09,832 - INFO - Current Directory: C:\Users\HP\Desktop\Production AI\RAG
2025-10-19 15:30:09,832 - INFO - Data Directory: C:\Users\HP\Desktop\Production AI\RAG\data
2025-10-19 15:30:40,762 - INFO - Processed PDF: 2403.14608v7.pdf
2025-10-19 15:30:40,762 - INFO - Processed web content
2025-10-19 15:30:40,762 - INFO - Created 179 chunks from all content
2025-10-19 15:30:40,762 - INFO - Loaded all files from data directory.
2025-10-19 15:30:40,762 - INFO - Created 179 chunks from all files.
2025-10-19 20:16:19,838 - INFO - Current Directory: C:\Users\HP\Desktop\Production AI\RAG
2025-10-19 20:16:19,842 - INFO - Data Directory: C:\Users\HP\Desktop\Production AI\RAG\data
2025-10-19 20:16:48,340 - INFO - Processed PDF: 2403.14608v7.pdf
2025-10-19 20:16:48,340 - INFO - Processed web content
2025-10-19 20:16:48,349 - INFO - Created 179 chunks from all content
2025-10-19 20:16:48,350 - INFO - Loaded all files from data directory.
2025-10-19 20:16:48,350 - INFO - Created 179 chunks from all files.
2025-10-19 20:31:24,014 - INFO - Current Directory: C:\Users\HP\Desktop\Production AI\RAG
2025-10-19 20:31:24,014 - INFO - Data Directory: C:\Users\HP\Desktop\Production AI\RAG\data
2025-10-19 20:31:58,288 - INFO - Processed PDF: 2403.14608v7.pdf
2025-10-19 20:31:58,288 - INFO - Processed web content
2025-10-19 20:31:58,288 - INFO - Created 189 chunks from all content
2025-10-19 20:31:58,288 - INFO - Loaded all files from data directory.
2025-10-19 20:31:58,288 - INFO - Created 189 chunks from all files.
2025-10-19 20:37:01,279 - INFO - Current Directory: C:\Users\HP\Desktop\Production AI\RAG
2025-10-19 20:37:01,279 - INFO - Data Directory: C:\Users\HP\Desktop\Production AI\RAG\data
2025-10-19 20:37:29,694 - INFO - Processed PDF: 2403.14608v7.pdf
2025-10-19 20:37:29,694 - INFO - Processed web content
2025-10-19 20:37:29,707 - INFO - Created 189 chunks from all content
2025-10-19 20:37:29,707 - INFO - Loaded all files from data directory.
2025-10-19 20:37:29,707 - INFO - Created 189 chunks from all files.
2025-10-19 20:40:23,474 - INFO - Current Directory: C:\Users\HP\Desktop\Production AI\RAG
2025-10-19 20:40:23,476 - INFO - Data Directory: C:\Users\HP\Desktop\Production AI\RAG\data
2025-10-19 20:41:28,431 - INFO - Processed PDF: 2403.14608v7.pdf
2025-10-19 20:41:28,431 - INFO - Processed web content
2025-10-19 20:41:28,440 - INFO - Created 189 chunks from all content
2025-10-19 20:41:28,440 - INFO - Loaded all files from data directory.
2025-10-19 20:41:28,440 - INFO - Created 189 chunks from all files.
2025-10-19 20:54:42,696 - INFO - Current Directory: C:\Users\HP\Desktop\Production AI\RAG
2025-10-19 20:54:42,697 - INFO - Data Directory: C:\Users\HP\Desktop\Production AI\RAG\data
2025-10-19 20:54:43,063 - INFO - Initializing embeddings
2025-10-19 20:54:43,068 - INFO - Use pytorch device_name: cpu
2025-10-19 20:54:43,068 - INFO - Load pretrained SentenceTransformer: all-MiniLM-L6-v2
2025-10-19 20:54:49,547 - WARNING - Xet Storage is enabled for this repo, but the 'hf_xet' package is not installed. Falling back to regular HTTP download. For better performance, install the package with: `pip install huggingface_hub[hf_xet]` or `pip install hf_xet`
2025-10-19 20:58:29,217 - INFO - Current Directory: C:\Users\HP\Desktop\Production AI\RAG
2025-10-19 20:58:29,217 - INFO - Data Directory: C:\Users\HP\Desktop\Production AI\RAG\data
2025-10-19 20:58:29,504 - INFO - Initializing embeddings
2025-10-19 20:58:29,508 - INFO - Use pytorch device_name: cpu
2025-10-19 20:58:29,508 - INFO - Load pretrained SentenceTransformer: all-MiniLM-L6-v2
2025-10-19 20:58:57,166 - INFO - Found 1 PDF files, 0 CSV files, 0 TXT files
2025-10-19 20:58:59,853 - INFO - Processed PDF: 2403.14608v7.pdf
2025-10-19 20:58:59,853 - INFO - Processed web content
2025-10-19 20:58:59,864 - INFO - Created 186 chunks from all content
2025-10-19 20:58:59,865 - INFO - Loaded all files from data directory.
2025-10-19 20:58:59,865 - INFO - Created 186 chunks from all files.
2025-10-19 20:59:17,210 - INFO - Found 1 PDF files, 0 CSV files, 0 TXT files
2025-10-19 20:59:19,983 - INFO - Processed PDF: 2403.14608v7.pdf
2025-10-19 20:59:19,983 - INFO - Processed web content
2025-10-19 20:59:19,996 - INFO - Created 193 chunks from all content
2025-10-19 20:59:19,996 - INFO - Loaded all files from data directory.
2025-10-19 20:59:19,996 - INFO - Created 193 chunks from all files.
2025-10-19 21:00:49,063 - INFO - Current Directory: C:\Users\HP\Desktop\Production AI\RAG
2025-10-19 21:00:49,063 - INFO - Data Directory: C:\Users\HP\Desktop\Production AI\RAG\data
2025-10-19 21:00:49,305 - INFO - Initializing embeddings
2025-10-19 21:00:49,307 - INFO - Use pytorch device_name: cpu
2025-10-19 21:00:49,307 - INFO - Load pretrained SentenceTransformer: all-MiniLM-L6-v2
2025-10-19 21:01:16,987 - INFO - Found 1 PDF files, 0 CSV files, 0 TXT files
2025-10-19 21:01:19,435 - INFO - Processed PDF: 2403.14608v7.pdf
2025-10-19 21:01:19,435 - INFO - Processed web content
2025-10-19 21:01:19,457 - INFO - Created 186 chunks from all content
2025-10-19 21:01:19,457 - INFO - Loaded all files from data directory.
2025-10-19 21:01:19,457 - INFO - Created 186 chunks from all files.
2025-10-19 21:01:36,672 - INFO - Found 1 PDF files, 0 CSV files, 0 TXT files
2025-10-19 21:01:39,043 - INFO - Processed PDF: 2403.14608v7.pdf
2025-10-19 21:01:39,043 - INFO - Processed web content
2025-10-19 21:01:39,046 - INFO - Created 193 chunks from all content
2025-10-19 21:01:39,046 - INFO - Loaded all files from data directory.
2025-10-19 21:01:39,052 - INFO - Created 193 chunks from all files.
2025-10-19 21:04:38,166 - INFO - Current Directory: C:\Users\HP\Desktop\Production AI\RAG
2025-10-19 21:04:38,166 - INFO - Data Directory: C:\Users\HP\Desktop\Production AI\RAG\data
2025-10-19 21:04:38,444 - INFO - Initializing embeddings
2025-10-19 21:04:38,446 - INFO - Use pytorch device_name: cpu
2025-10-19 21:04:38,446 - INFO - Load pretrained SentenceTransformer: all-MiniLM-L6-v2
2025-10-19 21:05:02,895 - INFO - Found 1 PDF files, 0 CSV files, 0 TXT files
2025-10-19 21:05:05,282 - INFO - Processed PDF: 2403.14608v7.pdf
2025-10-19 21:05:05,282 - INFO - Processed web content
2025-10-19 21:05:05,298 - INFO - Created 186 chunks from all content
2025-10-19 21:05:05,298 - INFO - Loaded all files from data directory.
2025-10-19 21:05:05,298 - INFO - Created 186 chunks from all files.
2025-10-19 21:05:56,907 - INFO - Current Directory: C:\Users\HP\Desktop\Production AI\RAG
2025-10-19 21:05:56,907 - INFO - Data Directory: C:\Users\HP\Desktop\Production AI\RAG\data
2025-10-19 21:05:57,172 - INFO - Initializing embeddings
2025-10-19 21:05:57,176 - INFO - Use pytorch device_name: cpu
2025-10-19 21:05:57,176 - INFO - Load pretrained SentenceTransformer: all-MiniLM-L6-v2
2025-10-19 21:06:20,425 - INFO - Found 1 PDF files, 0 CSV files, 0 TXT files
2025-10-19 21:06:22,789 - INFO - Processed PDF: 2403.14608v7.pdf
2025-10-19 21:06:22,789 - INFO - Processed web content
2025-10-19 21:06:22,789 - INFO - Created 186 chunks from all content
2025-10-19 21:06:22,789 - INFO - Loaded all files from data directory.
2025-10-19 21:06:22,789 - INFO - Created 186 chunks from all files.
2025-10-19 21:11:17,187 - INFO - Current Directory: C:\Users\HP\Desktop\Production AI\RAG
2025-10-19 21:11:17,187 - INFO - Data Directory: C:\Users\HP\Desktop\Production AI\RAG\data
2025-10-19 21:11:17,450 - INFO - Initializing embeddings
2025-10-19 21:11:17,452 - INFO - Use pytorch device_name: cpu
2025-10-19 21:11:17,452 - INFO - Load pretrained SentenceTransformer: all-MiniLM-L6-v2
2025-10-19 21:11:42,845 - INFO - Found 1 PDF files, 0 CSV files, 0 TXT files
2025-10-19 21:11:45,134 - INFO - Processed PDF: 2403.14608v7.pdf
2025-10-19 21:11:45,134 - INFO - Processed web content
2025-10-19 21:11:45,147 - INFO - Created 186 chunks from all content
2025-10-19 21:11:45,147 - INFO - Loaded all files from data directory.
2025-10-19 21:11:45,147 - INFO - Created 186 chunks from all files.
2025-10-19 21:11:45,500 - INFO - Loading faiss with AVX2 support.
2025-10-19 21:11:46,192 - INFO - Successfully loaded faiss with AVX2 support.
2025-10-19 21:13:40,058 - INFO - Current Directory: C:\Users\HP\Desktop\Production AI\RAG
2025-10-19 21:13:40,058 - INFO - Data Directory: C:\Users\HP\Desktop\Production AI\RAG\data
2025-10-19 21:13:40,318 - INFO - Initializing embeddings
2025-10-19 21:13:40,320 - INFO - Use pytorch device_name: cpu
2025-10-19 21:13:40,320 - INFO - Load pretrained SentenceTransformer: all-MiniLM-L6-v2
2025-10-19 21:14:07,269 - INFO - Found 1 PDF files, 0 CSV files, 0 TXT files
2025-10-19 21:14:09,761 - INFO - Processed PDF: 2403.14608v7.pdf
2025-10-19 21:14:09,761 - INFO - Processed web content
2025-10-19 21:14:09,769 - INFO - Created 186 chunks from all content
2025-10-19 21:14:09,769 - INFO - Loaded all files from data directory.
2025-10-19 21:14:09,769 - INFO - Created 186 chunks from all files.
2025-10-19 21:14:09,972 - INFO - Loading faiss with AVX2 support.
2025-10-19 21:14:10,013 - INFO - Successfully loaded faiss with AVX2 support.
2025-10-19 21:17:49,548 - INFO - Current Directory: C:\Users\HP\Desktop\Production AI\RAG
2025-10-19 21:17:49,548 - INFO - Data Directory: C:\Users\HP\Desktop\Production AI\RAG\data
2025-10-19 21:17:49,835 - INFO - Initializing embeddings
2025-10-19 21:17:49,835 - INFO - Use pytorch device_name: cpu
2025-10-19 21:17:49,835 - INFO - Load pretrained SentenceTransformer: all-MiniLM-L6-v2
2025-10-19 21:17:58,954 - INFO - Loading faiss with AVX2 support.
2025-10-19 21:17:59,068 - INFO - Successfully loaded faiss with AVX2 support.
2025-10-19 21:18:56,472 - INFO - Current Directory: C:\Users\HP\Desktop\Production AI\RAG
2025-10-19 21:18:56,472 - INFO - Data Directory: C:\Users\HP\Desktop\Production AI\RAG\data
2025-10-19 21:18:56,713 - INFO - Initializing embeddings
2025-10-19 21:18:56,713 - INFO - Use pytorch device_name: cpu
2025-10-19 21:18:56,713 - INFO - Load pretrained SentenceTransformer: all-MiniLM-L6-v2
2025-10-19 21:19:03,284 - INFO - Loading faiss with AVX2 support.
2025-10-19 21:19:03,330 - INFO - Successfully loaded faiss with AVX2 support.
2025-10-19 21:22:22,940 - INFO - Current Directory: C:\Users\HP\Desktop\Production AI\RAG
2025-10-19 21:22:22,940 - INFO - Data Directory: C:\Users\HP\Desktop\Production AI\RAG\data
2025-10-19 21:22:23,271 - INFO - Initializing embeddings
2025-10-19 21:22:23,280 - INFO - Use pytorch device_name: cpu
2025-10-19 21:22:23,280 - INFO - Load pretrained SentenceTransformer: all-MiniLM-L6-v2
2025-10-19 21:23:39,325 - INFO - Current Directory: C:\Users\HP\Desktop\Production AI\RAG
2025-10-19 21:23:39,325 - INFO - Data Directory: C:\Users\HP\Desktop\Production AI\RAG\data
2025-10-19 21:23:39,339 - INFO - Loading faiss with AVX2 support.
2025-10-19 21:23:39,452 - INFO - Successfully loaded faiss with AVX2 support.
2025-10-19 21:23:39,705 - INFO - Initializing embeddings
2025-10-19 21:23:39,707 - INFO - Use pytorch device_name: cpu
2025-10-19 21:23:39,707 - INFO - Load pretrained SentenceTransformer: all-MiniLM-L6-v2
2025-10-19 21:24:04,131 - INFO - Found 1 PDF files, 0 CSV files, 0 TXT files
2025-10-19 21:24:06,465 - INFO - Processed PDF: 2403.14608v7.pdf
2025-10-19 21:24:06,465 - INFO - Processed web content
2025-10-19 21:24:06,479 - INFO - Created 186 chunks from all content
2025-10-19 21:24:06,479 - INFO - Loaded all files from data directory.
2025-10-19 21:24:06,479 - INFO - Created 186 chunks from all files.
2025-10-19 21:24:17,032 - INFO - Embedded all content into vector store
2025-10-19 21:24:17,042 - INFO - VectorDB is created successfully
